2020-04-04 15:42:45.090  INFO 30676 --- [main] c.security.SpringSecurityAppApplication  : Starting SpringSecurityAppApplication on LIN51007757 with PID 30676 (C:\Users\mmohadik\Documents\workspace-sts-3.9.11.RELEASE\springSecurityApp\target\classes started by mmohadik in C:\Users\mmohadik\Documents\workspace-sts-3.9.11.RELEASE\springSecurityApp)
2020-04-04 15:42:45.093  INFO 30676 --- [main] c.security.SpringSecurityAppApplication  : No active profile set, falling back to default profiles: default
2020-04-04 15:42:45.632  INFO 30676 --- [main] .s.d.r.c.RepositoryConfigurationDelegate : Bootstrapping Spring Data JPA repositories in DEFAULT mode.
2020-04-04 15:42:45.676  INFO 30676 --- [main] .s.d.r.c.RepositoryConfigurationDelegate : Finished Spring Data repository scanning in 38ms. Found 1 JPA repository interfaces.
2020-04-04 15:42:46.086  INFO 30676 --- [main] o.s.b.w.embedded.tomcat.TomcatWebServer  : Tomcat initialized with port(s): 8080 (http)
2020-04-04 15:42:46.091  INFO 30676 --- [main] o.apache.catalina.core.StandardService   : Starting service [Tomcat]
2020-04-04 15:42:46.091  INFO 30676 --- [main] org.apache.catalina.core.StandardEngine  : Starting Servlet engine: [Apache Tomcat/9.0.33]
2020-04-04 15:42:46.359  WARN 30676 --- [main] o.a.tomcat.util.scan.StandardJarScanner  : Failed to scan [file:/C:/Users/mmohadik/.m2/repository/com/sun/xml/bind/jaxb-core/2.3.0.1/jaxb-api.jar] from classloader hierarchy

java.io.IOException: java.lang.reflect.InvocationTargetException
	at org.apache.tomcat.util.compat.Jre9Compat.jarFileNewInstance(Jre9Compat.java:236) ~[tomcat-embed-core-9.0.33.jar:9.0.33]
	at org.apache.tomcat.util.scan.JarFileUrlJar.<init>(JarFileUrlJar.java:65) ~[tomcat-embed-core-9.0.33.jar:9.0.33]
	at org.apache.tomcat.util.scan.JarFactory.newInstance(JarFactory.java:49) ~[tomcat-embed-core-9.0.33.jar:9.0.33]
	at org.apache.tomcat.util.scan.StandardJarScanner.process(StandardJarScanner.java:383) ~[tomcat-embed-core-9.0.33.jar:9.0.33]
	at org.apache.tomcat.util.scan.StandardJarScanner.processURLs(StandardJarScanner.java:318) ~[tomcat-embed-core-9.0.33.jar:9.0.33]
	at org.apache.tomcat.util.scan.StandardJarScanner.doScanClassPath(StandardJarScanner.java:282) ~[tomcat-embed-core-9.0.33.jar:9.0.33]
	at org.apache.tomcat.util.scan.StandardJarScanner.scan(StandardJarScanner.java:233) ~[tomcat-embed-core-9.0.33.jar:9.0.33]
	at org.apache.jasper.servlet.TldScanner.scanJars(TldScanner.java:262) ~[tomcat-embed-jasper-9.0.33.jar:9.0.33]
	at org.apache.jasper.servlet.TldScanner.scan(TldScanner.java:104) ~[tomcat-embed-jasper-9.0.33.jar:9.0.33]
	at org.apache.jasper.servlet.JasperInitializer.onStartup(JasperInitializer.java:83) ~[tomcat-embed-jasper-9.0.33.jar:9.0.33]
	at org.apache.catalina.core.StandardContext.startInternal(StandardContext.java:5140) ~[tomcat-embed-core-9.0.33.jar:9.0.33]
	at org.apache.catalina.util.LifecycleBase.start(LifecycleBase.java:183) ~[tomcat-embed-core-9.0.33.jar:9.0.33]
	at org.apache.catalina.core.ContainerBase$StartChild.call(ContainerBase.java:1384) ~[tomcat-embed-core-9.0.33.jar:9.0.33]
	at org.apache.catalina.core.ContainerBase$StartChild.call(ContainerBase.java:1374) ~[tomcat-embed-core-9.0.33.jar:9.0.33]
	at java.base/java.util.concurrent.FutureTask.run(FutureTask.java:264) ~[na:na]
	at org.apache.tomcat.util.threads.InlineExecutorService.execute(InlineExecutorService.java:75) ~[tomcat-embed-core-9.0.33.jar:9.0.33]
	at java.base/java.util.concurrent.AbstractExecutorService.submit(AbstractExecutorService.java:140) ~[na:na]
	at org.apache.catalina.core.ContainerBase.startInternal(ContainerBase.java:909) ~[tomcat-embed-core-9.0.33.jar:9.0.33]
	at org.apache.catalina.core.StandardHost.startInternal(StandardHost.java:841) ~[tomcat-embed-core-9.0.33.jar:9.0.33]
	at org.apache.catalina.util.LifecycleBase.start(LifecycleBase.java:183) ~[tomcat-embed-core-9.0.33.jar:9.0.33]
	at org.apache.catalina.core.ContainerBase$StartChild.call(ContainerBase.java:1384) ~[tomcat-embed-core-9.0.33.jar:9.0.33]
	at org.apache.catalina.core.ContainerBase$StartChild.call(ContainerBase.java:1374) ~[tomcat-embed-core-9.0.33.jar:9.0.33]
	at java.base/java.util.concurrent.FutureTask.run(FutureTask.java:264) ~[na:na]
	at org.apache.tomcat.util.threads.InlineExecutorService.execute(InlineExecutorService.java:75) ~[tomcat-embed-core-9.0.33.jar:9.0.33]
	at java.base/java.util.concurrent.AbstractExecutorService.submit(AbstractExecutorService.java:140) ~[na:na]
	at org.apache.catalina.core.ContainerBase.startInternal(ContainerBase.java:909) ~[tomcat-embed-core-9.0.33.jar:9.0.33]
	at org.apache.catalina.core.StandardEngine.startInternal(StandardEngine.java:262) ~[tomcat-embed-core-9.0.33.jar:9.0.33]
	at org.apache.catalina.util.LifecycleBase.start(LifecycleBase.java:183) ~[tomcat-embed-core-9.0.33.jar:9.0.33]
	at org.apache.catalina.core.StandardService.startInternal(StandardService.java:421) ~[tomcat-embed-core-9.0.33.jar:9.0.33]
	at org.apache.catalina.util.LifecycleBase.start(LifecycleBase.java:183) ~[tomcat-embed-core-9.0.33.jar:9.0.33]
	at org.apache.catalina.core.StandardServer.startInternal(StandardServer.java:930) ~[tomcat-embed-core-9.0.33.jar:9.0.33]
	at org.apache.catalina.util.LifecycleBase.start(LifecycleBase.java:183) ~[tomcat-embed-core-9.0.33.jar:9.0.33]
	at org.apache.catalina.startup.Tomcat.start(Tomcat.java:468) ~[tomcat-embed-core-9.0.33.jar:9.0.33]
	at org.springframework.boot.web.embedded.tomcat.TomcatWebServer.initialize(TomcatWebServer.java:107) ~[spring-boot-2.2.6.RELEASE.jar:2.2.6.RELEASE]
	at org.springframework.boot.web.embedded.tomcat.TomcatWebServer.<init>(TomcatWebServer.java:88) ~[spring-boot-2.2.6.RELEASE.jar:2.2.6.RELEASE]
	at org.springframework.boot.web.embedded.tomcat.TomcatServletWebServerFactory.getTomcatWebServer(TomcatServletWebServerFactory.java:438) ~[spring-boot-2.2.6.RELEASE.jar:2.2.6.RELEASE]
	at org.springframework.boot.web.embedded.tomcat.TomcatServletWebServerFactory.getWebServer(TomcatServletWebServerFactory.java:191) ~[spring-boot-2.2.6.RELEASE.jar:2.2.6.RELEASE]
	at org.springframework.boot.web.servlet.context.ServletWebServerApplicationContext.createWebServer(ServletWebServerApplicationContext.java:180) ~[spring-boot-2.2.6.RELEASE.jar:2.2.6.RELEASE]
	at org.springframework.boot.web.servlet.context.ServletWebServerApplicationContext.onRefresh(ServletWebServerApplicationContext.java:153) ~[spring-boot-2.2.6.RELEASE.jar:2.2.6.RELEASE]
	at org.springframework.context.support.AbstractApplicationContext.refresh(AbstractApplicationContext.java:544) ~[spring-context-5.2.5.RELEASE.jar:5.2.5.RELEASE]
	at org.springframework.boot.web.servlet.context.ServletWebServerApplicationContext.refresh(ServletWebServerApplicationContext.java:141) ~[spring-boot-2.2.6.RELEASE.jar:2.2.6.RELEASE]
	at org.springframework.boot.SpringApplication.refresh(SpringApplication.java:747) ~[spring-boot-2.2.6.RELEASE.jar:2.2.6.RELEASE]
	at org.springframework.boot.SpringApplication.refreshContext(SpringApplication.java:397) ~[spring-boot-2.2.6.RELEASE.jar:2.2.6.RELEASE]
	at org.springframework.boot.SpringApplication.run(SpringApplication.java:315) ~[spring-boot-2.2.6.RELEASE.jar:2.2.6.RELEASE]
	at org.springframework.boot.SpringApplication.run(SpringApplication.java:1226) ~[spring-boot-2.2.6.RELEASE.jar:2.2.6.RELEASE]
	at org.springframework.boot.SpringApplication.run(SpringApplication.java:1215) ~[spring-boot-2.2.6.RELEASE.jar:2.2.6.RELEASE]
	at com.security.SpringSecurityAppApplication.main(SpringSecurityAppApplication.java:10) ~[classes/:na]
Caused by: java.lang.reflect.InvocationTargetException: null
	at java.base/jdk.internal.reflect.GeneratedConstructorAccessor28.newInstance(Unknown Source) ~[na:na]
	at java.base/jdk.internal.reflect.DelegatingConstructorAccessorImpl.newInstance(DelegatingConstructorAccessorImpl.java:45) ~[na:na]
	at java.base/java.lang.reflect.Constructor.newInstanceWithCaller(Constructor.java:500) ~[na:na]
	at java.base/java.lang.reflect.Constructor.newInstance(Constructor.java:481) ~[na:na]
	at org.apache.tomcat.util.compat.Jre9Compat.jarFileNewInstance(Jre9Compat.java:233) ~[tomcat-embed-core-9.0.33.jar:9.0.33]
	... 46 common frames omitted
Caused by: java.nio.file.NoSuchFileException: C:\Users\mmohadik\.m2\repository\com\sun\xml\bind\jaxb-core\2.3.0.1\jaxb-api.jar
	at java.base/sun.nio.fs.WindowsException.translateToIOException(WindowsException.java:85) ~[na:na]
	at java.base/sun.nio.fs.WindowsException.rethrowAsIOException(WindowsException.java:103) ~[na:na]
	at java.base/sun.nio.fs.WindowsException.rethrowAsIOException(WindowsException.java:108) ~[na:na]
	at java.base/sun.nio.fs.WindowsFileAttributeViews$Basic.readAttributes(WindowsFileAttributeViews.java:53) ~[na:na]
	at java.base/sun.nio.fs.WindowsFileAttributeViews$Basic.readAttributes(WindowsFileAttributeViews.java:38) ~[na:na]
	at java.base/sun.nio.fs.WindowsFileSystemProvider.readAttributes(WindowsFileSystemProvider.java:198) ~[na:na]
	at java.base/java.nio.file.Files.readAttributes(Files.java:1840) ~[na:na]
	at java.base/java.util.zip.ZipFile$Source.get(ZipFile.java:1160) ~[na:na]
	at java.base/java.util.zip.ZipFile$CleanableResource.<init>(ZipFile.java:719) ~[na:na]
	at java.base/java.util.zip.ZipFile.<init>(ZipFile.java:239) ~[na:na]
	at java.base/java.util.zip.ZipFile.<init>(ZipFile.java:169) ~[na:na]
	at java.base/java.util.jar.JarFile.<init>(JarFile.java:346) ~[na:na]
	... 51 common frames omitted

2020-04-04 15:42:46.364  WARN 30676 --- [main] o.a.tomcat.util.scan.StandardJarScanner  : Failed to scan [file:/C:/Users/mmohadik/.m2/repository/com/sun/xml/bind/jaxb-impl/2.3.1/txw2-2.3.1.jar] from classloader hierarchy

java.io.IOException: java.lang.reflect.InvocationTargetException
	at org.apache.tomcat.util.compat.Jre9Compat.jarFileNewInstance(Jre9Compat.java:236) ~[tomcat-embed-core-9.0.33.jar:9.0.33]
	at org.apache.tomcat.util.scan.JarFileUrlJar.<init>(JarFileUrlJar.java:65) ~[tomcat-embed-core-9.0.33.jar:9.0.33]
	at org.apache.tomcat.util.scan.JarFactory.newInstance(JarFactory.java:49) ~[tomcat-embed-core-9.0.33.jar:9.0.33]
	at org.apache.tomcat.util.scan.StandardJarScanner.process(StandardJarScanner.java:383) ~[tomcat-embed-core-9.0.33.jar:9.0.33]
	at org.apache.tomcat.util.scan.StandardJarScanner.processURLs(StandardJarScanner.java:318) ~[tomcat-embed-core-9.0.33.jar:9.0.33]
	at org.apache.tomcat.util.scan.StandardJarScanner.doScanClassPath(StandardJarScanner.java:282) ~[tomcat-embed-core-9.0.33.jar:9.0.33]
	at org.apache.tomcat.util.scan.StandardJarScanner.scan(StandardJarScanner.java:233) ~[tomcat-embed-core-9.0.33.jar:9.0.33]
	at org.apache.jasper.servlet.TldScanner.scanJars(TldScanner.java:262) ~[tomcat-embed-jasper-9.0.33.jar:9.0.33]
	at org.apache.jasper.servlet.TldScanner.scan(TldScanner.java:104) ~[tomcat-embed-jasper-9.0.33.jar:9.0.33]
	at org.apache.jasper.servlet.JasperInitializer.onStartup(JasperInitializer.java:83) ~[tomcat-embed-jasper-9.0.33.jar:9.0.33]
	at org.apache.catalina.core.StandardContext.startInternal(StandardContext.java:5140) ~[tomcat-embed-core-9.0.33.jar:9.0.33]
	at org.apache.catalina.util.LifecycleBase.start(LifecycleBase.java:183) ~[tomcat-embed-core-9.0.33.jar:9.0.33]
	at org.apache.catalina.core.ContainerBase$StartChild.call(ContainerBase.java:1384) ~[tomcat-embed-core-9.0.33.jar:9.0.33]
	at org.apache.catalina.core.ContainerBase$StartChild.call(ContainerBase.java:1374) ~[tomcat-embed-core-9.0.33.jar:9.0.33]
	at java.base/java.util.concurrent.FutureTask.run(FutureTask.java:264) ~[na:na]
	at org.apache.tomcat.util.threads.InlineExecutorService.execute(InlineExecutorService.java:75) ~[tomcat-embed-core-9.0.33.jar:9.0.33]
	at java.base/java.util.concurrent.AbstractExecutorService.submit(AbstractExecutorService.java:140) ~[na:na]
	at org.apache.catalina.core.ContainerBase.startInternal(ContainerBase.java:909) ~[tomcat-embed-core-9.0.33.jar:9.0.33]
	at org.apache.catalina.core.StandardHost.startInternal(StandardHost.java:841) ~[tomcat-embed-core-9.0.33.jar:9.0.33]
	at org.apache.catalina.util.LifecycleBase.start(LifecycleBase.java:183) ~[tomcat-embed-core-9.0.33.jar:9.0.33]
	at org.apache.catalina.core.ContainerBase$StartChild.call(ContainerBase.java:1384) ~[tomcat-embed-core-9.0.33.jar:9.0.33]
	at org.apache.catalina.core.ContainerBase$StartChild.call(ContainerBase.java:1374) ~[tomcat-embed-core-9.0.33.jar:9.0.33]
	at java.base/java.util.concurrent.FutureTask.run(FutureTask.java:264) ~[na:na]
	at org.apache.tomcat.util.threads.InlineExecutorService.execute(InlineExecutorService.java:75) ~[tomcat-embed-core-9.0.33.jar:9.0.33]
	at java.base/java.util.concurrent.AbstractExecutorService.submit(AbstractExecutorService.java:140) ~[na:na]
	at org.apache.catalina.core.ContainerBase.startInternal(ContainerBase.java:909) ~[tomcat-embed-core-9.0.33.jar:9.0.33]
	at org.apache.catalina.core.StandardEngine.startInternal(StandardEngine.java:262) ~[tomcat-embed-core-9.0.33.jar:9.0.33]
	at org.apache.catalina.util.LifecycleBase.start(LifecycleBase.java:183) ~[tomcat-embed-core-9.0.33.jar:9.0.33]
	at org.apache.catalina.core.StandardService.startInternal(StandardService.java:421) ~[tomcat-embed-core-9.0.33.jar:9.0.33]
	at org.apache.catalina.util.LifecycleBase.start(LifecycleBase.java:183) ~[tomcat-embed-core-9.0.33.jar:9.0.33]
	at org.apache.catalina.core.StandardServer.startInternal(StandardServer.java:930) ~[tomcat-embed-core-9.0.33.jar:9.0.33]
	at org.apache.catalina.util.LifecycleBase.start(LifecycleBase.java:183) ~[tomcat-embed-core-9.0.33.jar:9.0.33]
	at org.apache.catalina.startup.Tomcat.start(Tomcat.java:468) ~[tomcat-embed-core-9.0.33.jar:9.0.33]
	at org.springframework.boot.web.embedded.tomcat.TomcatWebServer.initialize(TomcatWebServer.java:107) ~[spring-boot-2.2.6.RELEASE.jar:2.2.6.RELEASE]
	at org.springframework.boot.web.embedded.tomcat.TomcatWebServer.<init>(TomcatWebServer.java:88) ~[spring-boot-2.2.6.RELEASE.jar:2.2.6.RELEASE]
	at org.springframework.boot.web.embedded.tomcat.TomcatServletWebServerFactory.getTomcatWebServer(TomcatServletWebServerFactory.java:438) ~[spring-boot-2.2.6.RELEASE.jar:2.2.6.RELEASE]
	at org.springframework.boot.web.embedded.tomcat.TomcatServletWebServerFactory.getWebServer(TomcatServletWebServerFactory.java:191) ~[spring-boot-2.2.6.RELEASE.jar:2.2.6.RELEASE]
	at org.springframework.boot.web.servlet.context.ServletWebServerApplicationContext.createWebServer(ServletWebServerApplicationContext.java:180) ~[spring-boot-2.2.6.RELEASE.jar:2.2.6.RELEASE]
	at org.springframework.boot.web.servlet.context.ServletWebServerApplicationContext.onRefresh(ServletWebServerApplicationContext.java:153) ~[spring-boot-2.2.6.RELEASE.jar:2.2.6.RELEASE]
	at org.springframework.context.support.AbstractApplicationContext.refresh(AbstractApplicationContext.java:544) ~[spring-context-5.2.5.RELEASE.jar:5.2.5.RELEASE]
	at org.springframework.boot.web.servlet.context.ServletWebServerApplicationContext.refresh(ServletWebServerApplicationContext.java:141) ~[spring-boot-2.2.6.RELEASE.jar:2.2.6.RELEASE]
	at org.springframework.boot.SpringApplication.refresh(SpringApplication.java:747) ~[spring-boot-2.2.6.RELEASE.jar:2.2.6.RELEASE]
	at org.springframework.boot.SpringApplication.refreshContext(SpringApplication.java:397) ~[spring-boot-2.2.6.RELEASE.jar:2.2.6.RELEASE]
	at org.springframework.boot.SpringApplication.run(SpringApplication.java:315) ~[spring-boot-2.2.6.RELEASE.jar:2.2.6.RELEASE]
	at org.springframework.boot.SpringApplication.run(SpringApplication.java:1226) ~[spring-boot-2.2.6.RELEASE.jar:2.2.6.RELEASE]
	at org.springframework.boot.SpringApplication.run(SpringApplication.java:1215) ~[spring-boot-2.2.6.RELEASE.jar:2.2.6.RELEASE]
	at com.security.SpringSecurityAppApplication.main(SpringSecurityAppApplication.java:10) ~[classes/:na]
Caused by: java.lang.reflect.InvocationTargetException: null
	at java.base/jdk.internal.reflect.GeneratedConstructorAccessor28.newInstance(Unknown Source) ~[na:na]
	at java.base/jdk.internal.reflect.DelegatingConstructorAccessorImpl.newInstance(DelegatingConstructorAccessorImpl.java:45) ~[na:na]
	at java.base/java.lang.reflect.Constructor.newInstanceWithCaller(Constructor.java:500) ~[na:na]
	at java.base/java.lang.reflect.Constructor.newInstance(Constructor.java:481) ~[na:na]
	at org.apache.tomcat.util.compat.Jre9Compat.jarFileNewInstance(Jre9Compat.java:233) ~[tomcat-embed-core-9.0.33.jar:9.0.33]
	... 46 common frames omitted
Caused by: java.nio.file.NoSuchFileException: C:\Users\mmohadik\.m2\repository\com\sun\xml\bind\jaxb-impl\2.3.1\txw2-2.3.1.jar
	at java.base/sun.nio.fs.WindowsException.translateToIOException(WindowsException.java:85) ~[na:na]
	at java.base/sun.nio.fs.WindowsException.rethrowAsIOException(WindowsException.java:103) ~[na:na]
	at java.base/sun.nio.fs.WindowsException.rethrowAsIOException(WindowsException.java:108) ~[na:na]
	at java.base/sun.nio.fs.WindowsFileAttributeViews$Basic.readAttributes(WindowsFileAttributeViews.java:53) ~[na:na]
	at java.base/sun.nio.fs.WindowsFileAttributeViews$Basic.readAttributes(WindowsFileAttributeViews.java:38) ~[na:na]
	at java.base/sun.nio.fs.WindowsFileSystemProvider.readAttributes(WindowsFileSystemProvider.java:198) ~[na:na]
	at java.base/java.nio.file.Files.readAttributes(Files.java:1840) ~[na:na]
	at java.base/java.util.zip.ZipFile$Source.get(ZipFile.java:1160) ~[na:na]
	at java.base/java.util.zip.ZipFile$CleanableResource.<init>(ZipFile.java:719) ~[na:na]
	at java.base/java.util.zip.ZipFile.<init>(ZipFile.java:239) ~[na:na]
	at java.base/java.util.zip.ZipFile.<init>(ZipFile.java:169) ~[na:na]
	at java.base/java.util.jar.JarFile.<init>(JarFile.java:346) ~[na:na]
	... 51 common frames omitted

2020-04-04 15:42:46.368  WARN 30676 --- [main] o.a.tomcat.util.scan.StandardJarScanner  : Failed to scan [file:/C:/Users/mmohadik/.m2/repository/com/sun/xml/bind/jaxb-impl/2.3.1/istack-commons-runtime-3.0.7.jar] from classloader hierarchy

java.io.IOException: java.lang.reflect.InvocationTargetException
	at org.apache.tomcat.util.compat.Jre9Compat.jarFileNewInstance(Jre9Compat.java:236) ~[tomcat-embed-core-9.0.33.jar:9.0.33]
	at org.apache.tomcat.util.scan.JarFileUrlJar.<init>(JarFileUrlJar.java:65) ~[tomcat-embed-core-9.0.33.jar:9.0.33]
	at org.apache.tomcat.util.scan.JarFactory.newInstance(JarFactory.java:49) ~[tomcat-embed-core-9.0.33.jar:9.0.33]
	at org.apache.tomcat.util.scan.StandardJarScanner.process(StandardJarScanner.java:383) ~[tomcat-embed-core-9.0.33.jar:9.0.33]
	at org.apache.tomcat.util.scan.StandardJarScanner.processURLs(StandardJarScanner.java:318) ~[tomcat-embed-core-9.0.33.jar:9.0.33]
	at org.apache.tomcat.util.scan.StandardJarScanner.doScanClassPath(StandardJarScanner.java:282) ~[tomcat-embed-core-9.0.33.jar:9.0.33]
	at org.apache.tomcat.util.scan.StandardJarScanner.scan(StandardJarScanner.java:233) ~[tomcat-embed-core-9.0.33.jar:9.0.33]
	at org.apache.jasper.servlet.TldScanner.scanJars(TldScanner.java:262) ~[tomcat-embed-jasper-9.0.33.jar:9.0.33]
	at org.apache.jasper.servlet.TldScanner.scan(TldScanner.java:104) ~[tomcat-embed-jasper-9.0.33.jar:9.0.33]
	at org.apache.jasper.servlet.JasperInitializer.onStartup(JasperInitializer.java:83) ~[tomcat-embed-jasper-9.0.33.jar:9.0.33]
	at org.apache.catalina.core.StandardContext.startInternal(StandardContext.java:5140) ~[tomcat-embed-core-9.0.33.jar:9.0.33]
	at org.apache.catalina.util.LifecycleBase.start(LifecycleBase.java:183) ~[tomcat-embed-core-9.0.33.jar:9.0.33]
	at org.apache.catalina.core.ContainerBase$StartChild.call(ContainerBase.java:1384) ~[tomcat-embed-core-9.0.33.jar:9.0.33]
	at org.apache.catalina.core.ContainerBase$StartChild.call(ContainerBase.java:1374) ~[tomcat-embed-core-9.0.33.jar:9.0.33]
	at java.base/java.util.concurrent.FutureTask.run(FutureTask.java:264) ~[na:na]
	at org.apache.tomcat.util.threads.InlineExecutorService.execute(InlineExecutorService.java:75) ~[tomcat-embed-core-9.0.33.jar:9.0.33]
	at java.base/java.util.concurrent.AbstractExecutorService.submit(AbstractExecutorService.java:140) ~[na:na]
	at org.apache.catalina.core.ContainerBase.startInternal(ContainerBase.java:909) ~[tomcat-embed-core-9.0.33.jar:9.0.33]
	at org.apache.catalina.core.StandardHost.startInternal(StandardHost.java:841) ~[tomcat-embed-core-9.0.33.jar:9.0.33]
	at org.apache.catalina.util.LifecycleBase.start(LifecycleBase.java:183) ~[tomcat-embed-core-9.0.33.jar:9.0.33]
	at org.apache.catalina.core.ContainerBase$StartChild.call(ContainerBase.java:1384) ~[tomcat-embed-core-9.0.33.jar:9.0.33]
	at org.apache.catalina.core.ContainerBase$StartChild.call(ContainerBase.java:1374) ~[tomcat-embed-core-9.0.33.jar:9.0.33]
	at java.base/java.util.concurrent.FutureTask.run(FutureTask.java:264) ~[na:na]
	at org.apache.tomcat.util.threads.InlineExecutorService.execute(InlineExecutorService.java:75) ~[tomcat-embed-core-9.0.33.jar:9.0.33]
	at java.base/java.util.concurrent.AbstractExecutorService.submit(AbstractExecutorService.java:140) ~[na:na]
	at org.apache.catalina.core.ContainerBase.startInternal(ContainerBase.java:909) ~[tomcat-embed-core-9.0.33.jar:9.0.33]
	at org.apache.catalina.core.StandardEngine.startInternal(StandardEngine.java:262) ~[tomcat-embed-core-9.0.33.jar:9.0.33]
	at org.apache.catalina.util.LifecycleBase.start(LifecycleBase.java:183) ~[tomcat-embed-core-9.0.33.jar:9.0.33]
	at org.apache.catalina.core.StandardService.startInternal(StandardService.java:421) ~[tomcat-embed-core-9.0.33.jar:9.0.33]
	at org.apache.catalina.util.LifecycleBase.start(LifecycleBase.java:183) ~[tomcat-embed-core-9.0.33.jar:9.0.33]
	at org.apache.catalina.core.StandardServer.startInternal(StandardServer.java:930) ~[tomcat-embed-core-9.0.33.jar:9.0.33]
	at org.apache.catalina.util.LifecycleBase.start(LifecycleBase.java:183) ~[tomcat-embed-core-9.0.33.jar:9.0.33]
	at org.apache.catalina.startup.Tomcat.start(Tomcat.java:468) ~[tomcat-embed-core-9.0.33.jar:9.0.33]
	at org.springframework.boot.web.embedded.tomcat.TomcatWebServer.initialize(TomcatWebServer.java:107) ~[spring-boot-2.2.6.RELEASE.jar:2.2.6.RELEASE]
	at org.springframework.boot.web.embedded.tomcat.TomcatWebServer.<init>(TomcatWebServer.java:88) ~[spring-boot-2.2.6.RELEASE.jar:2.2.6.RELEASE]
	at org.springframework.boot.web.embedded.tomcat.TomcatServletWebServerFactory.getTomcatWebServer(TomcatServletWebServerFactory.java:438) ~[spring-boot-2.2.6.RELEASE.jar:2.2.6.RELEASE]
	at org.springframework.boot.web.embedded.tomcat.TomcatServletWebServerFactory.getWebServer(TomcatServletWebServerFactory.java:191) ~[spring-boot-2.2.6.RELEASE.jar:2.2.6.RELEASE]
	at org.springframework.boot.web.servlet.context.ServletWebServerApplicationContext.createWebServer(ServletWebServerApplicationContext.java:180) ~[spring-boot-2.2.6.RELEASE.jar:2.2.6.RELEASE]
	at org.springframework.boot.web.servlet.context.ServletWebServerApplicationContext.onRefresh(ServletWebServerApplicationContext.java:153) ~[spring-boot-2.2.6.RELEASE.jar:2.2.6.RELEASE]
	at org.springframework.context.support.AbstractApplicationContext.refresh(AbstractApplicationContext.java:544) ~[spring-context-5.2.5.RELEASE.jar:5.2.5.RELEASE]
	at org.springframework.boot.web.servlet.context.ServletWebServerApplicationContext.refresh(ServletWebServerApplicationContext.java:141) ~[spring-boot-2.2.6.RELEASE.jar:2.2.6.RELEASE]
	at org.springframework.boot.SpringApplication.refresh(SpringApplication.java:747) ~[spring-boot-2.2.6.RELEASE.jar:2.2.6.RELEASE]
	at org.springframework.boot.SpringApplication.refreshContext(SpringApplication.java:397) ~[spring-boot-2.2.6.RELEASE.jar:2.2.6.RELEASE]
	at org.springframework.boot.SpringApplication.run(SpringApplication.java:315) ~[spring-boot-2.2.6.RELEASE.jar:2.2.6.RELEASE]
	at org.springframework.boot.SpringApplication.run(SpringApplication.java:1226) ~[spring-boot-2.2.6.RELEASE.jar:2.2.6.RELEASE]
	at org.springframework.boot.SpringApplication.run(SpringApplication.java:1215) ~[spring-boot-2.2.6.RELEASE.jar:2.2.6.RELEASE]
	at com.security.SpringSecurityAppApplication.main(SpringSecurityAppApplication.java:10) ~[classes/:na]
Caused by: java.lang.reflect.InvocationTargetException: null
	at java.base/jdk.internal.reflect.GeneratedConstructorAccessor28.newInstance(Unknown Source) ~[na:na]
	at java.base/jdk.internal.reflect.DelegatingConstructorAccessorImpl.newInstance(DelegatingConstructorAccessorImpl.java:45) ~[na:na]
	at java.base/java.lang.reflect.Constructor.newInstanceWithCaller(Constructor.java:500) ~[na:na]
	at java.base/java.lang.reflect.Constructor.newInstance(Constructor.java:481) ~[na:na]
	at org.apache.tomcat.util.compat.Jre9Compat.jarFileNewInstance(Jre9Compat.java:233) ~[tomcat-embed-core-9.0.33.jar:9.0.33]
	... 46 common frames omitted
Caused by: java.nio.file.NoSuchFileException: C:\Users\mmohadik\.m2\repository\com\sun\xml\bind\jaxb-impl\2.3.1\istack-commons-runtime-3.0.7.jar
	at java.base/sun.nio.fs.WindowsException.translateToIOException(WindowsException.java:85) ~[na:na]
	at java.base/sun.nio.fs.WindowsException.rethrowAsIOException(WindowsException.java:103) ~[na:na]
	at java.base/sun.nio.fs.WindowsException.rethrowAsIOException(WindowsException.java:108) ~[na:na]
	at java.base/sun.nio.fs.WindowsFileAttributeViews$Basic.readAttributes(WindowsFileAttributeViews.java:53) ~[na:na]
	at java.base/sun.nio.fs.WindowsFileAttributeViews$Basic.readAttributes(WindowsFileAttributeViews.java:38) ~[na:na]
	at java.base/sun.nio.fs.WindowsFileSystemProvider.readAttributes(WindowsFileSystemProvider.java:198) ~[na:na]
	at java.base/java.nio.file.Files.readAttributes(Files.java:1840) ~[na:na]
	at java.base/java.util.zip.ZipFile$Source.get(ZipFile.java:1160) ~[na:na]
	at java.base/java.util.zip.ZipFile$CleanableResource.<init>(ZipFile.java:719) ~[na:na]
	at java.base/java.util.zip.ZipFile.<init>(ZipFile.java:239) ~[na:na]
	at java.base/java.util.zip.ZipFile.<init>(ZipFile.java:169) ~[na:na]
	at java.base/java.util.jar.JarFile.<init>(JarFile.java:346) ~[na:na]
	... 51 common frames omitted

2020-04-04 15:42:46.371  WARN 30676 --- [main] o.a.tomcat.util.scan.StandardJarScanner  : Failed to scan [file:/C:/Users/mmohadik/.m2/repository/com/sun/xml/bind/jaxb-impl/2.3.1/stax-ex-1.8.jar] from classloader hierarchy

java.io.IOException: java.lang.reflect.InvocationTargetException
	at org.apache.tomcat.util.compat.Jre9Compat.jarFileNewInstance(Jre9Compat.java:236) ~[tomcat-embed-core-9.0.33.jar:9.0.33]
	at org.apache.tomcat.util.scan.JarFileUrlJar.<init>(JarFileUrlJar.java:65) ~[tomcat-embed-core-9.0.33.jar:9.0.33]
	at org.apache.tomcat.util.scan.JarFactory.newInstance(JarFactory.java:49) ~[tomcat-embed-core-9.0.33.jar:9.0.33]
	at org.apache.tomcat.util.scan.StandardJarScanner.process(StandardJarScanner.java:383) ~[tomcat-embed-core-9.0.33.jar:9.0.33]
	at org.apache.tomcat.util.scan.StandardJarScanner.processURLs(StandardJarScanner.java:318) ~[tomcat-embed-core-9.0.33.jar:9.0.33]
	at org.apache.tomcat.util.scan.StandardJarScanner.doScanClassPath(StandardJarScanner.java:282) ~[tomcat-embed-core-9.0.33.jar:9.0.33]
	at org.apache.tomcat.util.scan.StandardJarScanner.scan(StandardJarScanner.java:233) ~[tomcat-embed-core-9.0.33.jar:9.0.33]
	at org.apache.jasper.servlet.TldScanner.scanJars(TldScanner.java:262) ~[tomcat-embed-jasper-9.0.33.jar:9.0.33]
	at org.apache.jasper.servlet.TldScanner.scan(TldScanner.java:104) ~[tomcat-embed-jasper-9.0.33.jar:9.0.33]
	at org.apache.jasper.servlet.JasperInitializer.onStartup(JasperInitializer.java:83) ~[tomcat-embed-jasper-9.0.33.jar:9.0.33]
	at org.apache.catalina.core.StandardContext.startInternal(StandardContext.java:5140) ~[tomcat-embed-core-9.0.33.jar:9.0.33]
	at org.apache.catalina.util.LifecycleBase.start(LifecycleBase.java:183) ~[tomcat-embed-core-9.0.33.jar:9.0.33]
	at org.apache.catalina.core.ContainerBase$StartChild.call(ContainerBase.java:1384) ~[tomcat-embed-core-9.0.33.jar:9.0.33]
	at org.apache.catalina.core.ContainerBase$StartChild.call(ContainerBase.java:1374) ~[tomcat-embed-core-9.0.33.jar:9.0.33]
	at java.base/java.util.concurrent.FutureTask.run(FutureTask.java:264) ~[na:na]
	at org.apache.tomcat.util.threads.InlineExecutorService.execute(InlineExecutorService.java:75) ~[tomcat-embed-core-9.0.33.jar:9.0.33]
	at java.base/java.util.concurrent.AbstractExecutorService.submit(AbstractExecutorService.java:140) ~[na:na]
	at org.apache.catalina.core.ContainerBase.startInternal(ContainerBase.java:909) ~[tomcat-embed-core-9.0.33.jar:9.0.33]
	at org.apache.catalina.core.StandardHost.startInternal(StandardHost.java:841) ~[tomcat-embed-core-9.0.33.jar:9.0.33]
	at org.apache.catalina.util.LifecycleBase.start(LifecycleBase.java:183) ~[tomcat-embed-core-9.0.33.jar:9.0.33]
	at org.apache.catalina.core.ContainerBase$StartChild.call(ContainerBase.java:1384) ~[tomcat-embed-core-9.0.33.jar:9.0.33]
	at org.apache.catalina.core.ContainerBase$StartChild.call(ContainerBase.java:1374) ~[tomcat-embed-core-9.0.33.jar:9.0.33]
	at java.base/java.util.concurrent.FutureTask.run(FutureTask.java:264) ~[na:na]
	at org.apache.tomcat.util.threads.InlineExecutorService.execute(InlineExecutorService.java:75) ~[tomcat-embed-core-9.0.33.jar:9.0.33]
	at java.base/java.util.concurrent.AbstractExecutorService.submit(AbstractExecutorService.java:140) ~[na:na]
	at org.apache.catalina.core.ContainerBase.startInternal(ContainerBase.java:909) ~[tomcat-embed-core-9.0.33.jar:9.0.33]
	at org.apache.catalina.core.StandardEngine.startInternal(StandardEngine.java:262) ~[tomcat-embed-core-9.0.33.jar:9.0.33]
	at org.apache.catalina.util.LifecycleBase.start(LifecycleBase.java:183) ~[tomcat-embed-core-9.0.33.jar:9.0.33]
	at org.apache.catalina.core.StandardService.startInternal(StandardService.java:421) ~[tomcat-embed-core-9.0.33.jar:9.0.33]
	at org.apache.catalina.util.LifecycleBase.start(LifecycleBase.java:183) ~[tomcat-embed-core-9.0.33.jar:9.0.33]
	at org.apache.catalina.core.StandardServer.startInternal(StandardServer.java:930) ~[tomcat-embed-core-9.0.33.jar:9.0.33]
	at org.apache.catalina.util.LifecycleBase.start(LifecycleBase.java:183) ~[tomcat-embed-core-9.0.33.jar:9.0.33]
	at org.apache.catalina.startup.Tomcat.start(Tomcat.java:468) ~[tomcat-embed-core-9.0.33.jar:9.0.33]
	at org.springframework.boot.web.embedded.tomcat.TomcatWebServer.initialize(TomcatWebServer.java:107) ~[spring-boot-2.2.6.RELEASE.jar:2.2.6.RELEASE]
	at org.springframework.boot.web.embedded.tomcat.TomcatWebServer.<init>(TomcatWebServer.java:88) ~[spring-boot-2.2.6.RELEASE.jar:2.2.6.RELEASE]
	at org.springframework.boot.web.embedded.tomcat.TomcatServletWebServerFactory.getTomcatWebServer(TomcatServletWebServerFactory.java:438) ~[spring-boot-2.2.6.RELEASE.jar:2.2.6.RELEASE]
	at org.springframework.boot.web.embedded.tomcat.TomcatServletWebServerFactory.getWebServer(TomcatServletWebServerFactory.java:191) ~[spring-boot-2.2.6.RELEASE.jar:2.2.6.RELEASE]
	at org.springframework.boot.web.servlet.context.ServletWebServerApplicationContext.createWebServer(ServletWebServerApplicationContext.java:180) ~[spring-boot-2.2.6.RELEASE.jar:2.2.6.RELEASE]
	at org.springframework.boot.web.servlet.context.ServletWebServerApplicationContext.onRefresh(ServletWebServerApplicationContext.java:153) ~[spring-boot-2.2.6.RELEASE.jar:2.2.6.RELEASE]
	at org.springframework.context.support.AbstractApplicationContext.refresh(AbstractApplicationContext.java:544) ~[spring-context-5.2.5.RELEASE.jar:5.2.5.RELEASE]
	at org.springframework.boot.web.servlet.context.ServletWebServerApplicationContext.refresh(ServletWebServerApplicationContext.java:141) ~[spring-boot-2.2.6.RELEASE.jar:2.2.6.RELEASE]
	at org.springframework.boot.SpringApplication.refresh(SpringApplication.java:747) ~[spring-boot-2.2.6.RELEASE.jar:2.2.6.RELEASE]
	at org.springframework.boot.SpringApplication.refreshContext(SpringApplication.java:397) ~[spring-boot-2.2.6.RELEASE.jar:2.2.6.RELEASE]
	at org.springframework.boot.SpringApplication.run(SpringApplication.java:315) ~[spring-boot-2.2.6.RELEASE.jar:2.2.6.RELEASE]
	at org.springframework.boot.SpringApplication.run(SpringApplication.java:1226) ~[spring-boot-2.2.6.RELEASE.jar:2.2.6.RELEASE]
	at org.springframework.boot.SpringApplication.run(SpringApplication.java:1215) ~[spring-boot-2.2.6.RELEASE.jar:2.2.6.RELEASE]
	at com.security.SpringSecurityAppApplication.main(SpringSecurityAppApplication.java:10) ~[classes/:na]
Caused by: java.lang.reflect.InvocationTargetException: null
	at java.base/jdk.internal.reflect.GeneratedConstructorAccessor28.newInstance(Unknown Source) ~[na:na]
	at java.base/jdk.internal.reflect.DelegatingConstructorAccessorImpl.newInstance(DelegatingConstructorAccessorImpl.java:45) ~[na:na]
	at java.base/java.lang.reflect.Constructor.newInstanceWithCaller(Constructor.java:500) ~[na:na]
	at java.base/java.lang.reflect.Constructor.newInstance(Constructor.java:481) ~[na:na]
	at org.apache.tomcat.util.compat.Jre9Compat.jarFileNewInstance(Jre9Compat.java:233) ~[tomcat-embed-core-9.0.33.jar:9.0.33]
	... 46 common frames omitted
Caused by: java.nio.file.NoSuchFileException: C:\Users\mmohadik\.m2\repository\com\sun\xml\bind\jaxb-impl\2.3.1\stax-ex-1.8.jar
	at java.base/sun.nio.fs.WindowsException.translateToIOException(WindowsException.java:85) ~[na:na]
	at java.base/sun.nio.fs.WindowsException.rethrowAsIOException(WindowsException.java:103) ~[na:na]
	at java.base/sun.nio.fs.WindowsException.rethrowAsIOException(WindowsException.java:108) ~[na:na]
	at java.base/sun.nio.fs.WindowsFileAttributeViews$Basic.readAttributes(WindowsFileAttributeViews.java:53) ~[na:na]
	at java.base/sun.nio.fs.WindowsFileAttributeViews$Basic.readAttributes(WindowsFileAttributeViews.java:38) ~[na:na]
	at java.base/sun.nio.fs.WindowsFileSystemProvider.readAttributes(WindowsFileSystemProvider.java:198) ~[na:na]
	at java.base/java.nio.file.Files.readAttributes(Files.java:1840) ~[na:na]
	at java.base/java.util.zip.ZipFile$Source.get(ZipFile.java:1160) ~[na:na]
	at java.base/java.util.zip.ZipFile$CleanableResource.<init>(ZipFile.java:719) ~[na:na]
	at java.base/java.util.zip.ZipFile.<init>(ZipFile.java:239) ~[na:na]
	at java.base/java.util.zip.ZipFile.<init>(ZipFile.java:169) ~[na:na]
	at java.base/java.util.jar.JarFile.<init>(JarFile.java:346) ~[na:na]
	... 51 common frames omitted

2020-04-04 15:42:46.375  WARN 30676 --- [main] o.a.tomcat.util.scan.StandardJarScanner  : Failed to scan [file:/C:/Users/mmohadik/.m2/repository/com/sun/xml/bind/jaxb-impl/2.3.1/FastInfoset-1.2.15.jar] from classloader hierarchy

java.io.IOException: java.lang.reflect.InvocationTargetException
	at org.apache.tomcat.util.compat.Jre9Compat.jarFileNewInstance(Jre9Compat.java:236) ~[tomcat-embed-core-9.0.33.jar:9.0.33]
	at org.apache.tomcat.util.scan.JarFileUrlJar.<init>(JarFileUrlJar.java:65) ~[tomcat-embed-core-9.0.33.jar:9.0.33]
	at org.apache.tomcat.util.scan.JarFactory.newInstance(JarFactory.java:49) ~[tomcat-embed-core-9.0.33.jar:9.0.33]
	at org.apache.tomcat.util.scan.StandardJarScanner.process(StandardJarScanner.java:383) ~[tomcat-embed-core-9.0.33.jar:9.0.33]
	at org.apache.tomcat.util.scan.StandardJarScanner.processURLs(StandardJarScanner.java:318) ~[tomcat-embed-core-9.0.33.jar:9.0.33]
	at org.apache.tomcat.util.scan.StandardJarScanner.doScanClassPath(StandardJarScanner.java:282) ~[tomcat-embed-core-9.0.33.jar:9.0.33]
	at org.apache.tomcat.util.scan.StandardJarScanner.scan(StandardJarScanner.java:233) ~[tomcat-embed-core-9.0.33.jar:9.0.33]
	at org.apache.jasper.servlet.TldScanner.scanJars(TldScanner.java:262) ~[tomcat-embed-jasper-9.0.33.jar:9.0.33]
	at org.apache.jasper.servlet.TldScanner.scan(TldScanner.java:104) ~[tomcat-embed-jasper-9.0.33.jar:9.0.33]
	at org.apache.jasper.servlet.JasperInitializer.onStartup(JasperInitializer.java:83) ~[tomcat-embed-jasper-9.0.33.jar:9.0.33]
	at org.apache.catalina.core.StandardContext.startInternal(StandardContext.java:5140) ~[tomcat-embed-core-9.0.33.jar:9.0.33]
	at org.apache.catalina.util.LifecycleBase.start(LifecycleBase.java:183) ~[tomcat-embed-core-9.0.33.jar:9.0.33]
	at org.apache.catalina.core.ContainerBase$StartChild.call(ContainerBase.java:1384) ~[tomcat-embed-core-9.0.33.jar:9.0.33]
	at org.apache.catalina.core.ContainerBase$StartChild.call(ContainerBase.java:1374) ~[tomcat-embed-core-9.0.33.jar:9.0.33]
	at java.base/java.util.concurrent.FutureTask.run(FutureTask.java:264) ~[na:na]
	at org.apache.tomcat.util.threads.InlineExecutorService.execute(InlineExecutorService.java:75) ~[tomcat-embed-core-9.0.33.jar:9.0.33]
	at java.base/java.util.concurrent.AbstractExecutorService.submit(AbstractExecutorService.java:140) ~[na:na]
	at org.apache.catalina.core.ContainerBase.startInternal(ContainerBase.java:909) ~[tomcat-embed-core-9.0.33.jar:9.0.33]
	at org.apache.catalina.core.StandardHost.startInternal(StandardHost.java:841) ~[tomcat-embed-core-9.0.33.jar:9.0.33]
	at org.apache.catalina.util.LifecycleBase.start(LifecycleBase.java:183) ~[tomcat-embed-core-9.0.33.jar:9.0.33]
	at org.apache.catalina.core.ContainerBase$StartChild.call(ContainerBase.java:1384) ~[tomcat-embed-core-9.0.33.jar:9.0.33]
	at org.apache.catalina.core.ContainerBase$StartChild.call(ContainerBase.java:1374) ~[tomcat-embed-core-9.0.33.jar:9.0.33]
	at java.base/java.util.concurrent.FutureTask.run(FutureTask.java:264) ~[na:na]
	at org.apache.tomcat.util.threads.InlineExecutorService.execute(InlineExecutorService.java:75) ~[tomcat-embed-core-9.0.33.jar:9.0.33]
	at java.base/java.util.concurrent.AbstractExecutorService.submit(AbstractExecutorService.java:140) ~[na:na]
	at org.apache.catalina.core.ContainerBase.startInternal(ContainerBase.java:909) ~[tomcat-embed-core-9.0.33.jar:9.0.33]
	at org.apache.catalina.core.StandardEngine.startInternal(StandardEngine.java:262) ~[tomcat-embed-core-9.0.33.jar:9.0.33]
	at org.apache.catalina.util.LifecycleBase.start(LifecycleBase.java:183) ~[tomcat-embed-core-9.0.33.jar:9.0.33]
	at org.apache.catalina.core.StandardService.startInternal(StandardService.java:421) ~[tomcat-embed-core-9.0.33.jar:9.0.33]
	at org.apache.catalina.util.LifecycleBase.start(LifecycleBase.java:183) ~[tomcat-embed-core-9.0.33.jar:9.0.33]
	at org.apache.catalina.core.StandardServer.startInternal(StandardServer.java:930) ~[tomcat-embed-core-9.0.33.jar:9.0.33]
	at org.apache.catalina.util.LifecycleBase.start(LifecycleBase.java:183) ~[tomcat-embed-core-9.0.33.jar:9.0.33]
	at org.apache.catalina.startup.Tomcat.start(Tomcat.java:468) ~[tomcat-embed-core-9.0.33.jar:9.0.33]
	at org.springframework.boot.web.embedded.tomcat.TomcatWebServer.initialize(TomcatWebServer.java:107) ~[spring-boot-2.2.6.RELEASE.jar:2.2.6.RELEASE]
	at org.springframework.boot.web.embedded.tomcat.TomcatWebServer.<init>(TomcatWebServer.java:88) ~[spring-boot-2.2.6.RELEASE.jar:2.2.6.RELEASE]
	at org.springframework.boot.web.embedded.tomcat.TomcatServletWebServerFactory.getTomcatWebServer(TomcatServletWebServerFactory.java:438) ~[spring-boot-2.2.6.RELEASE.jar:2.2.6.RELEASE]
	at org.springframework.boot.web.embedded.tomcat.TomcatServletWebServerFactory.getWebServer(TomcatServletWebServerFactory.java:191) ~[spring-boot-2.2.6.RELEASE.jar:2.2.6.RELEASE]
	at org.springframework.boot.web.servlet.context.ServletWebServerApplicationContext.createWebServer(ServletWebServerApplicationContext.java:180) ~[spring-boot-2.2.6.RELEASE.jar:2.2.6.RELEASE]
	at org.springframework.boot.web.servlet.context.ServletWebServerApplicationContext.onRefresh(ServletWebServerApplicationContext.java:153) ~[spring-boot-2.2.6.RELEASE.jar:2.2.6.RELEASE]
	at org.springframework.context.support.AbstractApplicationContext.refresh(AbstractApplicationContext.java:544) ~[spring-context-5.2.5.RELEASE.jar:5.2.5.RELEASE]
	at org.springframework.boot.web.servlet.context.ServletWebServerApplicationContext.refresh(ServletWebServerApplicationContext.java:141) ~[spring-boot-2.2.6.RELEASE.jar:2.2.6.RELEASE]
	at org.springframework.boot.SpringApplication.refresh(SpringApplication.java:747) ~[spring-boot-2.2.6.RELEASE.jar:2.2.6.RELEASE]
	at org.springframework.boot.SpringApplication.refreshContext(SpringApplication.java:397) ~[spring-boot-2.2.6.RELEASE.jar:2.2.6.RELEASE]
	at org.springframework.boot.SpringApplication.run(SpringApplication.java:315) ~[spring-boot-2.2.6.RELEASE.jar:2.2.6.RELEASE]
	at org.springframework.boot.SpringApplication.run(SpringApplication.java:1226) ~[spring-boot-2.2.6.RELEASE.jar:2.2.6.RELEASE]
	at org.springframework.boot.SpringApplication.run(SpringApplication.java:1215) ~[spring-boot-2.2.6.RELEASE.jar:2.2.6.RELEASE]
	at com.security.SpringSecurityAppApplication.main(SpringSecurityAppApplication.java:10) ~[classes/:na]
Caused by: java.lang.reflect.InvocationTargetException: null
	at java.base/jdk.internal.reflect.GeneratedConstructorAccessor28.newInstance(Unknown Source) ~[na:na]
	at java.base/jdk.internal.reflect.DelegatingConstructorAccessorImpl.newInstance(DelegatingConstructorAccessorImpl.java:45) ~[na:na]
	at java.base/java.lang.reflect.Constructor.newInstanceWithCaller(Constructor.java:500) ~[na:na]
	at java.base/java.lang.reflect.Constructor.newInstance(Constructor.java:481) ~[na:na]
	at org.apache.tomcat.util.compat.Jre9Compat.jarFileNewInstance(Jre9Compat.java:233) ~[tomcat-embed-core-9.0.33.jar:9.0.33]
	... 46 common frames omitted
Caused by: java.nio.file.NoSuchFileException: C:\Users\mmohadik\.m2\repository\com\sun\xml\bind\jaxb-impl\2.3.1\FastInfoset-1.2.15.jar
	at java.base/sun.nio.fs.WindowsException.translateToIOException(WindowsException.java:85) ~[na:na]
	at java.base/sun.nio.fs.WindowsException.rethrowAsIOException(WindowsException.java:103) ~[na:na]
	at java.base/sun.nio.fs.WindowsException.rethrowAsIOException(WindowsException.java:108) ~[na:na]
	at java.base/sun.nio.fs.WindowsFileAttributeViews$Basic.readAttributes(WindowsFileAttributeViews.java:53) ~[na:na]
	at java.base/sun.nio.fs.WindowsFileAttributeViews$Basic.readAttributes(WindowsFileAttributeViews.java:38) ~[na:na]
	at java.base/sun.nio.fs.WindowsFileSystemProvider.readAttributes(WindowsFileSystemProvider.java:198) ~[na:na]
	at java.base/java.nio.file.Files.readAttributes(Files.java:1840) ~[na:na]
	at java.base/java.util.zip.ZipFile$Source.get(ZipFile.java:1160) ~[na:na]
	at java.base/java.util.zip.ZipFile$CleanableResource.<init>(ZipFile.java:719) ~[na:na]
	at java.base/java.util.zip.ZipFile.<init>(ZipFile.java:239) ~[na:na]
	at java.base/java.util.zip.ZipFile.<init>(ZipFile.java:169) ~[na:na]
	at java.base/java.util.jar.JarFile.<init>(JarFile.java:346) ~[na:na]
	... 51 common frames omitted

2020-04-04 15:42:46.378  WARN 30676 --- [main] o.a.tomcat.util.scan.StandardJarScanner  : Failed to scan [file:/C:/Users/mmohadik/.m2/repository/com/sun/xml/bind/jaxb-impl/2.3.1/javax.activation-api-1.2.0.jar] from classloader hierarchy

java.io.IOException: java.lang.reflect.InvocationTargetException
	at org.apache.tomcat.util.compat.Jre9Compat.jarFileNewInstance(Jre9Compat.java:236) ~[tomcat-embed-core-9.0.33.jar:9.0.33]
	at org.apache.tomcat.util.scan.JarFileUrlJar.<init>(JarFileUrlJar.java:65) ~[tomcat-embed-core-9.0.33.jar:9.0.33]
	at org.apache.tomcat.util.scan.JarFactory.newInstance(JarFactory.java:49) ~[tomcat-embed-core-9.0.33.jar:9.0.33]
	at org.apache.tomcat.util.scan.StandardJarScanner.process(StandardJarScanner.java:383) ~[tomcat-embed-core-9.0.33.jar:9.0.33]
	at org.apache.tomcat.util.scan.StandardJarScanner.processURLs(StandardJarScanner.java:318) ~[tomcat-embed-core-9.0.33.jar:9.0.33]
	at org.apache.tomcat.util.scan.StandardJarScanner.doScanClassPath(StandardJarScanner.java:282) ~[tomcat-embed-core-9.0.33.jar:9.0.33]
	at org.apache.tomcat.util.scan.StandardJarScanner.scan(StandardJarScanner.java:233) ~[tomcat-embed-core-9.0.33.jar:9.0.33]
	at org.apache.jasper.servlet.TldScanner.scanJars(TldScanner.java:262) ~[tomcat-embed-jasper-9.0.33.jar:9.0.33]
	at org.apache.jasper.servlet.TldScanner.scan(TldScanner.java:104) ~[tomcat-embed-jasper-9.0.33.jar:9.0.33]
	at org.apache.jasper.servlet.JasperInitializer.onStartup(JasperInitializer.java:83) ~[tomcat-embed-jasper-9.0.33.jar:9.0.33]
	at org.apache.catalina.core.StandardContext.startInternal(StandardContext.java:5140) ~[tomcat-embed-core-9.0.33.jar:9.0.33]
	at org.apache.catalina.util.LifecycleBase.start(LifecycleBase.java:183) ~[tomcat-embed-core-9.0.33.jar:9.0.33]
	at org.apache.catalina.core.ContainerBase$StartChild.call(ContainerBase.java:1384) ~[tomcat-embed-core-9.0.33.jar:9.0.33]
	at org.apache.catalina.core.ContainerBase$StartChild.call(ContainerBase.java:1374) ~[tomcat-embed-core-9.0.33.jar:9.0.33]
	at java.base/java.util.concurrent.FutureTask.run(FutureTask.java:264) ~[na:na]
	at org.apache.tomcat.util.threads.InlineExecutorService.execute(InlineExecutorService.java:75) ~[tomcat-embed-core-9.0.33.jar:9.0.33]
	at java.base/java.util.concurrent.AbstractExecutorService.submit(AbstractExecutorService.java:140) ~[na:na]
	at org.apache.catalina.core.ContainerBase.startInternal(ContainerBase.java:909) ~[tomcat-embed-core-9.0.33.jar:9.0.33]
	at org.apache.catalina.core.StandardHost.startInternal(StandardHost.java:841) ~[tomcat-embed-core-9.0.33.jar:9.0.33]
	at org.apache.catalina.util.LifecycleBase.start(LifecycleBase.java:183) ~[tomcat-embed-core-9.0.33.jar:9.0.33]
	at org.apache.catalina.core.ContainerBase$StartChild.call(ContainerBase.java:1384) ~[tomcat-embed-core-9.0.33.jar:9.0.33]
	at org.apache.catalina.core.ContainerBase$StartChild.call(ContainerBase.java:1374) ~[tomcat-embed-core-9.0.33.jar:9.0.33]
	at java.base/java.util.concurrent.FutureTask.run(FutureTask.java:264) ~[na:na]
	at org.apache.tomcat.util.threads.InlineExecutorService.execute(InlineExecutorService.java:75) ~[tomcat-embed-core-9.0.33.jar:9.0.33]
	at java.base/java.util.concurrent.AbstractExecutorService.submit(AbstractExecutorService.java:140) ~[na:na]
	at org.apache.catalina.core.ContainerBase.startInternal(ContainerBase.java:909) ~[tomcat-embed-core-9.0.33.jar:9.0.33]
	at org.apache.catalina.core.StandardEngine.startInternal(StandardEngine.java:262) ~[tomcat-embed-core-9.0.33.jar:9.0.33]
	at org.apache.catalina.util.LifecycleBase.start(LifecycleBase.java:183) ~[tomcat-embed-core-9.0.33.jar:9.0.33]
	at org.apache.catalina.core.StandardService.startInternal(StandardService.java:421) ~[tomcat-embed-core-9.0.33.jar:9.0.33]
	at org.apache.catalina.util.LifecycleBase.start(LifecycleBase.java:183) ~[tomcat-embed-core-9.0.33.jar:9.0.33]
	at org.apache.catalina.core.StandardServer.startInternal(StandardServer.java:930) ~[tomcat-embed-core-9.0.33.jar:9.0.33]
	at org.apache.catalina.util.LifecycleBase.start(LifecycleBase.java:183) ~[tomcat-embed-core-9.0.33.jar:9.0.33]
	at org.apache.catalina.startup.Tomcat.start(Tomcat.java:468) ~[tomcat-embed-core-9.0.33.jar:9.0.33]
	at org.springframework.boot.web.embedded.tomcat.TomcatWebServer.initialize(TomcatWebServer.java:107) ~[spring-boot-2.2.6.RELEASE.jar:2.2.6.RELEASE]
	at org.springframework.boot.web.embedded.tomcat.TomcatWebServer.<init>(TomcatWebServer.java:88) ~[spring-boot-2.2.6.RELEASE.jar:2.2.6.RELEASE]
	at org.springframework.boot.web.embedded.tomcat.TomcatServletWebServerFactory.getTomcatWebServer(TomcatServletWebServerFactory.java:438) ~[spring-boot-2.2.6.RELEASE.jar:2.2.6.RELEASE]
	at org.springframework.boot.web.embedded.tomcat.TomcatServletWebServerFactory.getWebServer(TomcatServletWebServerFactory.java:191) ~[spring-boot-2.2.6.RELEASE.jar:2.2.6.RELEASE]
	at org.springframework.boot.web.servlet.context.ServletWebServerApplicationContext.createWebServer(ServletWebServerApplicationContext.java:180) ~[spring-boot-2.2.6.RELEASE.jar:2.2.6.RELEASE]
	at org.springframework.boot.web.servlet.context.ServletWebServerApplicationContext.onRefresh(ServletWebServerApplicationContext.java:153) ~[spring-boot-2.2.6.RELEASE.jar:2.2.6.RELEASE]
	at org.springframework.context.support.AbstractApplicationContext.refresh(AbstractApplicationContext.java:544) ~[spring-context-5.2.5.RELEASE.jar:5.2.5.RELEASE]
	at org.springframework.boot.web.servlet.context.ServletWebServerApplicationContext.refresh(ServletWebServerApplicationContext.java:141) ~[spring-boot-2.2.6.RELEASE.jar:2.2.6.RELEASE]
	at org.springframework.boot.SpringApplication.refresh(SpringApplication.java:747) ~[spring-boot-2.2.6.RELEASE.jar:2.2.6.RELEASE]
	at org.springframework.boot.SpringApplication.refreshContext(SpringApplication.java:397) ~[spring-boot-2.2.6.RELEASE.jar:2.2.6.RELEASE]
	at org.springframework.boot.SpringApplication.run(SpringApplication.java:315) ~[spring-boot-2.2.6.RELEASE.jar:2.2.6.RELEASE]
	at org.springframework.boot.SpringApplication.run(SpringApplication.java:1226) ~[spring-boot-2.2.6.RELEASE.jar:2.2.6.RELEASE]
	at org.springframework.boot.SpringApplication.run(SpringApplication.java:1215) ~[spring-boot-2.2.6.RELEASE.jar:2.2.6.RELEASE]
	at com.security.SpringSecurityAppApplication.main(SpringSecurityAppApplication.java:10) ~[classes/:na]
Caused by: java.lang.reflect.InvocationTargetException: null
	at java.base/jdk.internal.reflect.GeneratedConstructorAccessor28.newInstance(Unknown Source) ~[na:na]
	at java.base/jdk.internal.reflect.DelegatingConstructorAccessorImpl.newInstance(DelegatingConstructorAccessorImpl.java:45) ~[na:na]
	at java.base/java.lang.reflect.Constructor.newInstanceWithCaller(Constructor.java:500) ~[na:na]
	at java.base/java.lang.reflect.Constructor.newInstance(Constructor.java:481) ~[na:na]
	at org.apache.tomcat.util.compat.Jre9Compat.jarFileNewInstance(Jre9Compat.java:233) ~[tomcat-embed-core-9.0.33.jar:9.0.33]
	... 46 common frames omitted
Caused by: java.nio.file.NoSuchFileException: C:\Users\mmohadik\.m2\repository\com\sun\xml\bind\jaxb-impl\2.3.1\javax.activation-api-1.2.0.jar
	at java.base/sun.nio.fs.WindowsException.translateToIOException(WindowsException.java:85) ~[na:na]
	at java.base/sun.nio.fs.WindowsException.rethrowAsIOException(WindowsException.java:103) ~[na:na]
	at java.base/sun.nio.fs.WindowsException.rethrowAsIOException(WindowsException.java:108) ~[na:na]
	at java.base/sun.nio.fs.WindowsFileAttributeViews$Basic.readAttributes(WindowsFileAttributeViews.java:53) ~[na:na]
	at java.base/sun.nio.fs.WindowsFileAttributeViews$Basic.readAttributes(WindowsFileAttributeViews.java:38) ~[na:na]
	at java.base/sun.nio.fs.WindowsFileSystemProvider.readAttributes(WindowsFileSystemProvider.java:198) ~[na:na]
	at java.base/java.nio.file.Files.readAttributes(Files.java:1840) ~[na:na]
	at java.base/java.util.zip.ZipFile$Source.get(ZipFile.java:1160) ~[na:na]
	at java.base/java.util.zip.ZipFile$CleanableResource.<init>(ZipFile.java:719) ~[na:na]
	at java.base/java.util.zip.ZipFile.<init>(ZipFile.java:239) ~[na:na]
	at java.base/java.util.zip.ZipFile.<init>(ZipFile.java:169) ~[na:na]
	at java.base/java.util.jar.JarFile.<init>(JarFile.java:346) ~[na:na]
	... 51 common frames omitted

2020-04-04 15:42:46.381  INFO 30676 --- [main] org.apache.jasper.servlet.TldScanner     : At least one JAR was scanned for TLDs yet contained no TLDs. Enable debug logging for this logger for a complete list of JARs that were scanned but no TLDs were found in them. Skipping unneeded JARs during scanning can improve startup time and JSP compilation time.
2020-04-04 15:42:46.387  INFO 30676 --- [main] o.a.c.c.C.[Tomcat].[localhost].[/]       : Initializing Spring embedded WebApplicationContext
2020-04-04 15:42:46.387  INFO 30676 --- [main] o.s.web.context.ContextLoader            : Root WebApplicationContext: initialization completed in 1262 ms
2020-04-04 15:42:46.514  INFO 30676 --- [main] com.zaxxer.hikari.HikariDataSource       : HikariPool-1 - Starting...
2020-04-04 15:42:46.516  WARN 30676 --- [main] com.zaxxer.hikari.util.DriverDataSource  : Registered driver with driverClassName=com.mysql.jdbc.Driver was not found, trying direct instantiation.
2020-04-04 15:42:46.641  INFO 30676 --- [main] com.zaxxer.hikari.HikariDataSource       : HikariPool-1 - Start completed.
2020-04-04 15:42:46.700  INFO 30676 --- [main] o.hibernate.jpa.internal.util.LogHelper  : HHH000204: Processing PersistenceUnitInfo [name: default]
2020-04-04 15:42:46.824  INFO 30676 --- [main] org.hibernate.Version                    : HHH000412: Hibernate ORM core version 5.4.12.Final
2020-04-04 15:42:46.992  INFO 30676 --- [main] o.hibernate.annotations.common.Version   : HCANN000001: Hibernate Commons Annotations {5.1.0.Final}
2020-04-04 15:42:47.183  INFO 30676 --- [main] org.hibernate.dialect.Dialect            : HHH000400: Using dialect: org.hibernate.dialect.MySQL55Dialect
2020-04-04 15:42:47.663  INFO 30676 --- [main] o.h.e.t.j.p.i.JtaPlatformInitiator       : HHH000490: Using JtaPlatform implementation: [org.hibernate.engine.transaction.jta.platform.internal.NoJtaPlatform]
2020-04-04 15:42:47.668  INFO 30676 --- [main] j.LocalContainerEntityManagerFactoryBean : Initialized JPA EntityManagerFactory for persistence unit 'default'
2020-04-04 15:42:47.697  WARN 30676 --- [main] JpaBaseConfiguration$JpaWebConfiguration : spring.jpa.open-in-view is enabled by default. Therefore, database queries may be performed during view rendering. Explicitly configure spring.jpa.open-in-view to disable this warning
2020-04-04 15:42:48.067  INFO 30676 --- [main] o.s.s.web.DefaultSecurityFilterChain     : Creating filter chain: any request, [org.springframework.security.web.context.request.async.WebAsyncManagerIntegrationFilter@20171cdc, org.springframework.security.web.context.SecurityContextPersistenceFilter@4f9213d2, org.springframework.security.web.header.HeaderWriterFilter@45273d40, org.springframework.security.web.authentication.logout.LogoutFilter@5d68be4f, org.springframework.security.oauth2.client.filter.OAuth2ClientAuthenticationProcessingFilter@58f97013, org.springframework.security.web.savedrequest.RequestCacheAwareFilter@6b5e1fc5, org.springframework.security.web.servletapi.SecurityContextHolderAwareRequestFilter@37753b69, org.springframework.security.web.authentication.AnonymousAuthenticationFilter@7d70ba18, org.springframework.security.web.session.SessionManagementFilter@10f397d0, org.springframework.security.web.access.ExceptionTranslationFilter@eb695e8, org.springframework.security.web.access.intercept.FilterSecurityInterceptor@7305cfb1]
2020-04-04 15:42:48.172  INFO 30676 --- [main] o.s.s.concurrent.ThreadPoolTaskExecutor  : Initializing ExecutorService 'applicationTaskExecutor'
2020-04-04 15:42:48.340  INFO 30676 --- [main] o.s.b.w.embedded.tomcat.TomcatWebServer  : Tomcat started on port(s): 8080 (http) with context path ''
2020-04-04 15:42:48.342  INFO 30676 --- [main] c.security.SpringSecurityAppApplication  : Started SpringSecurityAppApplication in 3.509 seconds (JVM running for 4.506)
2020-04-04 15:44:08.724  INFO 32256 --- [main] c.s.SpringSecurityAppApplicationTests    : Starting SpringSecurityAppApplicationTests on LIN51007757 with PID 32256 (started by mmohadik in C:\Users\mmohadik\Documents\workspace-sts-3.9.11.RELEASE\springSecurityApp)
2020-04-04 15:44:08.726  INFO 32256 --- [main] c.s.SpringSecurityAppApplicationTests    : No active profile set, falling back to default profiles: default
2020-04-04 15:44:09.885  INFO 32256 --- [main] .s.d.r.c.RepositoryConfigurationDelegate : Bootstrapping Spring Data JPA repositories in DEFAULT mode.
2020-04-04 15:44:09.995  INFO 32256 --- [main] .s.d.r.c.RepositoryConfigurationDelegate : Finished Spring Data repository scanning in 96ms. Found 1 JPA repository interfaces.
2020-04-04 15:44:10.866  INFO 32256 --- [main] com.zaxxer.hikari.HikariDataSource       : HikariPool-1 - Starting...
2020-04-04 15:44:10.877  WARN 32256 --- [main] com.zaxxer.hikari.util.DriverDataSource  : Registered driver with driverClassName=com.mysql.jdbc.Driver was not found, trying direct instantiation.
2020-04-04 15:44:11.101  INFO 32256 --- [main] com.zaxxer.hikari.HikariDataSource       : HikariPool-1 - Start completed.
2020-04-04 15:44:11.212  INFO 32256 --- [main] o.hibernate.jpa.internal.util.LogHelper  : HHH000204: Processing PersistenceUnitInfo [name: default]
2020-04-04 15:44:11.336  INFO 32256 --- [main] org.hibernate.Version                    : HHH000412: Hibernate ORM core version 5.4.12.Final
2020-04-04 15:44:11.604  INFO 32256 --- [main] o.hibernate.annotations.common.Version   : HCANN000001: Hibernate Commons Annotations {5.1.0.Final}
2020-04-04 15:44:12.067  INFO 32256 --- [main] org.hibernate.dialect.Dialect            : HHH000400: Using dialect: org.hibernate.dialect.MySQL55Dialect
2020-04-04 15:44:12.741  INFO 32256 --- [main] o.h.e.t.j.p.i.JtaPlatformInitiator       : HHH000490: Using JtaPlatform implementation: [org.hibernate.engine.transaction.jta.platform.internal.NoJtaPlatform]
2020-04-04 15:44:12.751  INFO 32256 --- [main] j.LocalContainerEntityManagerFactoryBean : Initialized JPA EntityManagerFactory for persistence unit 'default'
2020-04-04 15:44:12.823  WARN 32256 --- [main] JpaBaseConfiguration$JpaWebConfiguration : spring.jpa.open-in-view is enabled by default. Therefore, database queries may be performed during view rendering. Explicitly configure spring.jpa.open-in-view to disable this warning
2020-04-04 15:44:14.823  INFO 32256 --- [main] o.s.s.web.DefaultSecurityFilterChain     : Creating filter chain: any request, [org.springframework.security.web.context.request.async.WebAsyncManagerIntegrationFilter@3605ab16, org.springframework.security.web.context.SecurityContextPersistenceFilter@18dafd3b, org.springframework.security.web.header.HeaderWriterFilter@1e1ea16d, org.springframework.security.web.authentication.logout.LogoutFilter@79a68657, org.springframework.security.oauth2.client.filter.OAuth2ClientAuthenticationProcessingFilter@30cb223b, org.springframework.security.web.savedrequest.RequestCacheAwareFilter@4742466e, org.springframework.security.web.servletapi.SecurityContextHolderAwareRequestFilter@197cc325, org.springframework.security.web.authentication.AnonymousAuthenticationFilter@24d0c6a4, org.springframework.security.web.session.SessionManagementFilter@65e92505, org.springframework.security.web.access.ExceptionTranslationFilter@63636de0, org.springframework.security.web.access.intercept.FilterSecurityInterceptor@126a9a77]
2020-04-04 15:44:15.830  INFO 32256 --- [main] o.s.s.concurrent.ThreadPoolTaskExecutor  : Initializing ExecutorService 'applicationTaskExecutor'
2020-04-04 15:44:17.257  INFO 32256 --- [main] c.s.SpringSecurityAppApplicationTests    : Started SpringSecurityAppApplicationTests in 9.115 seconds (JVM running for 11.046)
2020-04-04 15:44:17.893  INFO 32256 --- [SpringContextShutdownHook] o.s.s.concurrent.ThreadPoolTaskExecutor  : Shutting down ExecutorService 'applicationTaskExecutor'
2020-04-04 15:44:17.896  INFO 32256 --- [SpringContextShutdownHook] j.LocalContainerEntityManagerFactoryBean : Closing JPA EntityManagerFactory for persistence unit 'default'
2020-04-04 15:44:17.899  INFO 32256 --- [SpringContextShutdownHook] com.zaxxer.hikari.HikariDataSource       : HikariPool-1 - Shutdown initiated...
2020-04-04 15:44:17.950  INFO 32256 --- [SpringContextShutdownHook] com.zaxxer.hikari.HikariDataSource       : HikariPool-1 - Shutdown completed.
2020-04-04 18:27:06.731  WARN 30676 --- [HikariPool-1 housekeeper] com.zaxxer.hikari.pool.HikariPool        : HikariPool-1 - Thread starvation or clock leap detected (housekeeper delta=2h27m49s946ms766s800ns).
2020-04-04 20:52:24.787  WARN 30676 --- [HikariPool-1 housekeeper] com.zaxxer.hikari.pool.HikariPool        : HikariPool-1 - Thread starvation or clock leap detected (housekeeper delta=1h17m47s878ms444s900ns).
2020-04-04 21:08:44.167  INFO 30676 --- [RMI TCP Connection(2)-127.0.0.1] inMXBeanRegistrar$SpringApplicationAdmin : Application shutdown requested.
2020-04-04 21:08:44.244  INFO 30676 --- [RMI TCP Connection(2)-127.0.0.1] o.s.s.concurrent.ThreadPoolTaskExecutor  : Shutting down ExecutorService 'applicationTaskExecutor'
2020-04-04 21:08:44.250  INFO 30676 --- [RMI TCP Connection(2)-127.0.0.1] j.LocalContainerEntityManagerFactoryBean : Closing JPA EntityManagerFactory for persistence unit 'default'
2020-04-04 21:08:44.272  INFO 30676 --- [RMI TCP Connection(2)-127.0.0.1] com.zaxxer.hikari.HikariDataSource       : HikariPool-1 - Shutdown initiated...
2020-04-04 21:08:44.298  INFO 30676 --- [RMI TCP Connection(2)-127.0.0.1] com.zaxxer.hikari.HikariDataSource       : HikariPool-1 - Shutdown completed.
